-------------------------------------------------------------------------------
Test set: by.hoitan.rent.service.UserServiceTest
-------------------------------------------------------------------------------
Tests run: 1, Failures: 1, Errors: 0, Skipped: 0, Time elapsed: 0.021 s <<< FAILURE! - in by.hoitan.rent.service.UserServiceTest
test  Time elapsed: 0.016 s  <<< FAILURE!
org.opentest4j.AssertionFailedError: expected: <true> but was: <false>
	at by.hoitan.rent.service.UserServiceTest.test(UserServiceTest.java:13)

